2023-01-11 14:43:31.469 [info] Reading sessions from secret storage...
2023-01-11 14:43:31.529 [info] Got 1 stored sessions
2023-01-11 14:43:31.529 [info] Refreshing token for scopes: email offline_access openid profile
2023-01-11 14:43:32.375 [info] Setting token for scopes: email offline_access openid profile
2023-01-11 14:43:32.375 [info] Token refresh success for scopes: email offline_access openid profile
2023-01-11 14:43:32.378 [info] Getting sessions for the following scopes: email offline_access openid profile
2023-01-11 14:43:32.378 [info] Got 1 sessions for scopes: email offline_access openid profile
2023-01-11 14:43:32.378 [info] Token available from cache (for scopes email offline_access openid profile), expires in 5346998 milliseconds
2023-01-11 14:43:44.518 [info] Getting sessions for all scopes...
2023-01-11 14:43:44.518 [info] Got 1 sessions for all scopes...
2023-01-11 14:43:50.390 [info] Getting sessions for the following scopes: email offline_access openid profile
2023-01-11 14:43:50.390 [info] Got 1 sessions for scopes: email offline_access openid profile
2023-01-11 14:43:50.390 [info] Token available from cache (for scopes email offline_access openid profile), expires in 5328985 milliseconds
2023-01-11 14:43:59.976 [info] Getting sessions for all scopes...
2023-01-11 14:43:59.976 [info] Got 1 sessions for all scopes...
2023-01-11 14:44:26.114 [info] Getting sessions for all scopes...
2023-01-11 14:44:26.114 [info] Got 1 sessions for all scopes...
2023-01-11 14:44:49.052 [info] Getting sessions for the following scopes: email offline_access openid profile
2023-01-11 14:44:49.052 [info] Got 1 sessions for scopes: email offline_access openid profile
2023-01-11 14:44:49.052 [info] Token available from cache (for scopes email offline_access openid profile), expires in 5270323 milliseconds
2023-01-11 14:45:54.216 [info] Getting sessions for all scopes...
2023-01-11 14:45:54.216 [info] Got 1 sessions for all scopes...
