2023-01-11 14:40:40.019 [info] Added views:workbench.panel.markers.view in workbench.panel.markers
2023-01-11 14:40:40.019 [info] Added views:workbench.panel.output in workbench.panel.output
2023-01-11 14:40:40.019 [info] Added views:terminal in terminal
2023-01-11 14:40:40.019 [info] Added views:outline in workbench.view.explorer
2023-01-11 14:40:40.019 [info] Added views:workbench.scm in workbench.view.scm
2023-01-11 14:40:40.019 [info] Added views:workbench.view.search in workbench.view.search
2023-01-11 14:40:40.019 [info] Added views:timeline in workbench.view.explorer
2023-01-11 14:40:40.019 [info] Added views:workbench.explorer.emptyView in workbench.view.explorer
2023-01-11 14:40:40.019 [info] Added views:workbench.debug.variablesView,workbench.debug.watchExpressionsView,workbench.debug.callStackView,workbench.debug.breakPointsView in workbench.view.debug
2023-01-11 14:40:40.860 [info] Added views:workbench.panel.repl.view in workbench.panel.repl
2023-01-11 14:40:40.860 [info] Removed views:workbench.debug.breakPointsView,workbench.debug.callStackView,workbench.debug.watchExpressionsView,workbench.debug.variablesView from workbench.view.debug
2023-01-11 14:40:40.861 [info] Added views:workbench.debug.welcome in workbench.view.debug
2023-01-11 14:41:54.032 [info] View visibility state changed: workbench.views.sync.troubleshoot is now visible Settings Sync
2023-01-11 14:41:54.032 [info] Showing view workbench.views.sync.troubleshoot in the container workbench.view.sync
2023-01-11 14:41:57.270 [info] Added views:atlascode.views.helpTreeView in workbench.view.extension.atlascode-drawer
2023-01-11 14:41:57.328 [info] Added views:projectsExplorerFavorites,projectManagerHelpAndFeedback in workbench.view.extension.project-manager
2023-01-11 14:41:57.408 [info] Added views:projectsExplorerGit in workbench.view.extension.project-manager
2023-01-11 14:41:59.908 [info] Added views:workbench.panel.comments in workbench.panel.comments
2023-01-11 14:42:24.501 [info] Added views:dwControllersView,cartridgesView,dwLogsView in workbench.view.extension.prophet-explorer
2023-01-11 14:42:27.576 [info] Added views:tabnine-home in workbench.view.extension.tabnine-access
2023-01-11 14:42:38.908 [info] Added views:sfdx.force.tasks.view in workbench.view.explorer
2023-01-11 14:42:44.838 [info] Added views:gitlens.views.home in workbench.view.extension.gitlens
2023-01-11 14:42:44.839 [info] Added views:gitlens.views.commits,gitlens.views.commitDetails,gitlens.views.fileHistory,gitlens.views.branches,gitlens.views.remotes,gitlens.views.stashes,gitlens.views.tags,gitlens.views.searchAndCompare in workbench.view.scm
2023-01-11 14:42:45.205 [info] Removed views:gitlens.views.searchAndCompare,gitlens.views.tags,gitlens.views.stashes,gitlens.views.remotes,gitlens.views.branches,gitlens.views.fileHistory,gitlens.views.commitDetails,gitlens.views.commits from workbench.view.scm
2023-01-11 14:42:55.059 [info] Added views:pr:github,issues:github in workbench.view.extension.github-pull-requests
2023-01-11 14:43:20.890 [info] Added views:workbench.views.extensions.installed,workbench.views.extensions.popular,extensions.recommendedList in workbench.view.extensions
2023-01-11 14:43:20.892 [info] Removed views:workbench.views.extensions.popular from workbench.view.extensions
