2023-01-11 14:43:32.191 [info] Reading sessions from keychain...
2023-01-11 14:43:32.192 [info] Getting sessions for all scopes...
2023-01-11 14:43:32.192 [info] Got 0 sessions for ...
2023-01-11 14:43:32.379 [info] Getting sessions for user:email...
2023-01-11 14:43:32.379 [info] Got 0 sessions for user:email...
2023-01-11 14:43:32.381 [info] Getting sessions for read:user,repo,user:email,workflow...
2023-01-11 14:43:32.381 [info] Got 0 sessions for read:user,repo,user:email,workflow...
2023-01-11 14:43:32.385 [info] Getting sessions for read:user,repo,user:email...
2023-01-11 14:43:32.385 [info] Got 0 sessions for read:user,repo,user:email...
2023-01-11 14:43:32.463 [info] Getting sessions for all scopes...
2023-01-11 14:43:32.463 [info] Got 0 sessions for ...
2023-01-11 14:43:33.110 [info] Getting sessions for all scopes...
2023-01-11 14:43:33.110 [info] Got 0 sessions for ...
2023-01-11 14:43:44.518 [info] Getting sessions for all scopes...
2023-01-11 14:43:44.518 [info] Got 0 sessions for ...
2023-01-11 14:43:50.391 [info] Getting sessions for user:email...
2023-01-11 14:43:50.391 [info] Got 0 sessions for user:email...
2023-01-11 14:43:59.976 [info] Getting sessions for all scopes...
2023-01-11 14:43:59.976 [info] Got 0 sessions for ...
2023-01-11 14:44:23.122 [info] Getting sessions for read:user,repo,user:email,workflow...
2023-01-11 14:44:23.122 [info] Got 0 sessions for read:user,repo,user:email,workflow...
2023-01-11 14:44:23.129 [info] Getting sessions for read:user,repo,user:email...
2023-01-11 14:44:23.129 [info] Got 0 sessions for read:user,repo,user:email...
2023-01-11 14:44:26.114 [info] Getting sessions for all scopes...
2023-01-11 14:44:26.114 [info] Got 0 sessions for ...
2023-01-11 14:44:34.566 [info] Logging in for the following scopes: read:user repo user:email
2023-01-11 14:44:34.602 [info] Trying without local server... (read:user repo user:email)
2023-01-11 14:44:47.326 [info] Exchanging code for token...
2023-01-11 14:44:48.542 [info] Token exchange success!
2023-01-11 14:44:48.543 [info] Getting user info...
2023-01-11 14:44:48.894 [info] Got account info!
2023-01-11 14:44:48.895 [info] Storing 1 sessions...
2023-01-11 14:44:49.044 [info] Reading sessions from keychain...
2023-01-11 14:44:49.044 [info] Stored 1 sessions!
2023-01-11 14:44:49.044 [info] Login success!
2023-01-11 14:44:49.054 [info] Getting sessions for user:email...
2023-01-11 14:44:49.054 [info] Got stored sessions!
2023-01-11 14:44:49.054 [info] Got 1 verified sessions.
2023-01-11 14:44:49.054 [info] Got 0 sessions for user:email...
2023-01-11 14:44:49.056 [info] Getting sessions for read:user,repo,user:email...
2023-01-11 14:44:49.056 [info] Getting sessions for read:user,repo,user:email,workflow...
2023-01-11 14:44:49.056 [info] Got 1 sessions for read:user,repo,user:email...
2023-01-11 14:44:49.056 [info] Got 0 sessions for read:user,repo,user:email,workflow...
2023-01-11 14:44:49.064 [info] Getting sessions for read:user,repo,user:email...
2023-01-11 14:44:49.064 [info] Got 1 sessions for read:user,repo,user:email...
2023-01-11 14:45:54.216 [info] Getting sessions for all scopes...
2023-01-11 14:45:54.216 [info] Got 1 sessions for ...
