2023-01-11 14:43:30.192 [error] Extension 'tabnine.tabnine-vscode' wants API proposal 'inlineCompletions' but that proposal DOES NOT EXIST. Likely, the proposal has been finalized (check 'vscode.d.ts') or was abandoned.
2023-01-11 14:43:30.216 [warning] [redhat.vscode-yaml]: Não é possível registrar 'redhat.telemetry.enabled'. Esta propriedade já está registrada.
2023-01-11 14:43:30.216 [warning] [Vue.volar]: Não é possível registrar 'typescript.tsdk'. Esta propriedade já está registrada.
2023-01-11 14:43:31.332 [error] [Extension Host] /bin/sh: linha 1: hostname: comando não encontrado
2023-01-11 14:43:32.328 [info] [perf] Render performance baseline is 22ms
2023-01-11 14:43:33.387 [error] [Extension Host] validating /home/barucco/.config/Code/User/globalStorage/tabnine.tabnine-vscode/binaries/4.4.219/x86_64-unknown-linux-musl/TabNine timeout
2023-01-11 14:44:03.143 [error] [Extension Host] Error: Binary request timed out. {"Login":{}}
    at Timeout._onTimeout (/home/barucco/.vscode/extensions/tabnine.tabnine-vscode-3.6.35/out/extension.js:17:33014)
    at listOnTimeout (node:internal/timers:559:17)
    at processTimers (node:internal/timers:502:7)
2023-01-11 14:44:04.142 [error] [Extension Host] Error: Binary request timed out. {"State":{}}
    at Timeout._onTimeout (/home/barucco/.vscode/extensions/tabnine.tabnine-vscode-3.6.35/out/extension.js:17:33014)
    at listOnTimeout (node:internal/timers:559:17)
    at processTimers (node:internal/timers:502:7)
2023-01-11 14:44:50.062 [error] 'github' authentication is required for this operation: Error: 'github' authentication is required for this operation
    at M.getSession (/home/barucco/.vscode/extensions/eamodio.gitlens-13.2.0/dist/feature-github.js:454:5348)
    at processTicksAndRejections (node:internal/process/task_queues:96:5)
2023-01-11 14:46:40.054 [error] RequestService#request (browser) - error https://bingsettingssearch.trafficmanager.net/api/Search {}
2023-01-11 14:46:40.054 [info] Setting search error: XHR failed
2023-01-11 14:46:40.055 [error] RequestService#request (browser) - error https://bingsettingssearch.trafficmanager.net/api/Search {}
2023-01-11 14:46:40.055 [info] Setting search error: XHR failed
2023-01-11 14:46:40.055 [error] RequestService#request (browser) - error https://bingsettingssearch.trafficmanager.net/api/Search {}
2023-01-11 14:46:40.600 [error] RequestService#request (browser) - error https://bingsettingssearch.trafficmanager.net/api/Search {}
2023-01-11 14:46:40.600 [info] Setting search error: XHR failed
2023-01-11 14:46:40.629 [error] RequestService#request (browser) - error https://bingsettingssearch.trafficmanager.net/api/Search {}
2023-01-11 14:46:40.630 [info] Setting search error: XHR failed
2023-01-11 14:46:40.650 [error] RequestService#request (browser) - error https://bingsettingssearch.trafficmanager.net/api/Search {}
