2023-01-11 14:43:29.607 [info] Added views:workbench.panel.markers.view in workbench.panel.markers
2023-01-11 14:43:29.607 [info] Added views:workbench.panel.output in workbench.panel.output
2023-01-11 14:43:29.607 [info] Added views:terminal in terminal
2023-01-11 14:43:29.607 [info] Added views:outline in workbench.view.explorer
2023-01-11 14:43:29.607 [info] Added views:workbench.scm in workbench.view.scm
2023-01-11 14:43:29.607 [info] Added views:workbench.view.search in workbench.view.search
2023-01-11 14:43:29.607 [info] Added views:timeline in workbench.view.explorer
2023-01-11 14:43:29.607 [info] Added views:workbench.explorer.emptyView in workbench.view.explorer
2023-01-11 14:43:29.607 [info] Added views:workbench.debug.welcome in workbench.view.debug
2023-01-11 14:43:30.458 [info] Added views:projectsExplorerFavorites,projectManagerHelpAndFeedback in workbench.view.extension.project-manager
2023-01-11 14:43:30.459 [info] Added views:atlascode.views.helpTreeView in workbench.view.extension.atlascode-drawer
2023-01-11 14:43:30.461 [info] Added views:gitlens.views.home in workbench.view.extension.gitlens
2023-01-11 14:43:30.464 [info] Added views:gitlens.views.commits,gitlens.views.commitDetails,gitlens.views.fileHistory,gitlens.views.branches,gitlens.views.remotes,gitlens.views.stashes,gitlens.views.tags,gitlens.views.searchAndCompare in workbench.view.scm
2023-01-11 14:43:30.468 [info] Added views:pr:github,issues:github in workbench.view.extension.github-pull-requests
2023-01-11 14:43:30.472 [info] Added views:sfdx.force.tasks.view in workbench.view.explorer
2023-01-11 14:43:30.505 [info] Added views:dwControllersView,cartridgesView,dwLogsView in workbench.view.extension.prophet-explorer
2023-01-11 14:43:30.921 [info] Added views:workbench.panel.repl.view in workbench.panel.repl
2023-01-11 14:43:31.327 [info] Added views:workbench.panel.comments in workbench.panel.comments
2023-01-11 14:43:31.761 [info] Added views:atlascode.views.jira.customJql in workbench.view.extension.atlascode-drawer
2023-01-11 14:43:31.770 [info] Added views:atlascode.views.bb.pullrequestsTreeView in workbench.view.extension.atlascode-drawer
2023-01-11 14:43:32.027 [info] Removed views:gitlens.views.searchAndCompare,gitlens.views.tags,gitlens.views.stashes,gitlens.views.remotes,gitlens.views.branches,gitlens.views.fileHistory,gitlens.views.commitDetails,gitlens.views.commits from workbench.view.scm
2023-01-11 14:43:32.034 [info] Added views:projectsExplorerGit in workbench.view.extension.project-manager
2023-01-11 14:43:33.121 [info] Added views:tabnine-home in workbench.view.extension.tabnine-access
2023-01-11 14:43:33.122 [info] Added views:tabnine-notifications in workbench.view.extension.tabnine-access
2023-01-11 14:43:33.122 [info] Added views:tabnine-today in workbench.view.extension.tabnine-access
