2023-01-11 14:40:40.758 [info] Starting worker process with pid 19760 (type: fileWatcher, window: 1).
2023-01-11 14:41:11.863 [error] RequestService#request (browser) - error https://az764295.vo.msecnd.net/extensions/marketplace.json {}
2023-01-11 14:41:54.115 [info] Getting Manifest... atlassian.atlascode
2023-01-11 14:41:54.116 [info] Getting Manifest... alefragnani.project-manager
2023-01-11 14:41:54.117 [info] Getting Manifest... christian-kohler.path-intellisense
2023-01-11 14:41:54.120 [info] Getting Manifest... ajinkya-hingne.salesforce-snippets
2023-01-11 14:41:54.444 [info] Getting Manifest... oblongmana.vscode-salesforce-doc-lookup
2023-01-11 14:41:54.531 [info] Getting Manifest... codezombiech.gitignore
2023-01-11 14:41:54.546 [info] Getting Manifest... gkkirilov.salesforce-commerce-cloud-productivity-pack
2023-01-11 14:41:54.553 [info] Getting Manifest... finico.quickopenselection
2023-01-11 14:41:54.556 [info] Getting Manifest... salesforce.salesforcedx-vscode-apex
2023-01-11 14:41:54.558 [info] Getting Manifest... allanoricil.salesforce-soql-editor
2023-01-11 14:41:54.561 [info] Getting Manifest... donjayamanne.git-extension-pack
2023-01-11 14:41:54.564 [info] Getting Manifest... salesforce.salesforcedx-vscode-expanded
2023-01-11 14:41:54.565 [info] Getting Manifest... vscode-icons-team.vscode-icons
2023-01-11 14:41:54.566 [info] Getting Manifest... salesforce.salesforcedx-vscode-lwc
2023-01-11 14:41:54.568 [info] Getting Manifest... shan.code-settings-sync
2023-01-11 14:41:54.573 [info] Getting Manifest... financialforce.lana
2023-01-11 14:41:54.574 [info] Getting Manifest... asilverio.blackai-visual-studio-code
2023-01-11 14:41:54.579 [info] Getting Manifest... ziyasal.vscode-open-in-github
2023-01-11 14:41:54.580 [info] Getting Manifest... hookyqr.beautify
2023-01-11 14:41:54.584 [info] Getting Manifest... rafamel.subtle-brackets
2023-01-11 14:41:54.584 [info] Getting Manifest... ecmel.vscode-html-css
2023-01-11 14:41:54.585 [info] Getting Manifest... nikhilkumar80.js-patterns-snippets
2023-01-11 14:41:54.586 [info] Getting Manifest... nonylene.dark-molokai-theme
2023-01-11 14:41:54.587 [info] Getting Manifest... fabiowquixada.vscode-isml-linter
2023-01-11 14:41:54.588 [info] Getting Manifest... formulahendry.auto-rename-tag
2023-01-11 14:41:54.589 [info] Getting Manifest... salesforce.salesforcedx-vscode-core
2023-01-11 14:41:54.592 [info] Getting Manifest... sdras.vue-vscode-snippets
2023-01-11 14:41:54.593 [info] Getting Manifest... esbenp.prettier-vscode
2023-01-11 14:41:54.594 [info] Getting Manifest... octref.vetur
2023-01-11 14:41:54.594 [info] Getting Manifest... sqrtt.prophet
2023-01-11 14:41:54.595 [info] Getting Manifest... tabnine.tabnine-vscode
2023-01-11 14:41:54.596 [info] Getting Manifest... dotjoshjohnson.xml
2023-01-11 14:41:54.597 [info] Getting Manifest... pikamachu.require-cartridge-resolve
2023-01-11 14:41:54.599 [info] Getting Manifest... mohithshrivastava.dx-code-companion
2023-01-11 14:41:54.599 [info] Getting Manifest... chuckjonas.apex-pmd
2023-01-11 14:41:54.601 [info] Getting Manifest... wayou.vscode-todo-highlight
2023-01-11 14:41:54.602 [info] Getting Manifest... teamastra.sfdx-vs-test-class-generator
2023-01-11 14:41:54.604 [info] Getting Manifest... salesforce.salesforcedx-vscode
2023-01-11 14:41:54.605 [info] Getting Manifest... salesforce.salesforcedx-vscode-apex-debugger
2023-01-11 14:41:54.606 [info] Getting Manifest... salesforce.salesforce-vscode-slds
2023-01-11 14:41:54.607 [info] Getting Manifest... salesforce.salesforcedx-vscode-apex-replay-debugger
2023-01-11 14:41:54.608 [info] Getting Manifest... vue.volar
2023-01-11 14:41:54.609 [info] Getting Manifest... zignd.html-css-class-completion
2023-01-11 14:41:54.610 [info] Getting Manifest... vignaeshrama.sfdx-package-xml-generator
2023-01-11 14:41:54.611 [info] Getting Manifest... vsls-contrib.codetour
2023-01-11 14:41:54.612 [info] Getting Manifest... ritwickdey.liveserver
2023-01-11 14:41:54.613 [info] Getting Manifest... donjayamanne.githistory
2023-01-11 14:41:54.615 [info] Getting Manifest... salesforce.salesforcedx-vscode-soql
2023-01-11 14:41:54.616 [info] Getting Manifest... salesforce.salesforcedx-vscode-visualforce
2023-01-11 14:41:54.617 [info] Getting Manifest... mkaufman.htmlhint
2023-01-11 14:41:54.619 [info] Getting Manifest... miguelsolorio.fluent-icons
2023-01-11 14:41:54.620 [info] Getting Manifest... shardulm94.trailing-spaces
2023-01-11 14:41:54.621 [info] Getting Manifest... pkief.material-icon-theme
2023-01-11 14:41:54.623 [info] Getting Manifest... ms-vscode.mono-debug
2023-01-11 14:41:54.632 [info] Getting Manifest... salesforce.salesforcedx-vscode-lightning
2023-01-11 14:41:54.670 [info] Getting Manifest... drossi750.vscode-salesforce-toolkit
2023-01-11 14:41:54.756 [info] Installing extension: alefragnani.project-manager
2023-01-11 14:41:54.756 [info] Installing the extension without checking dependencies and pack alefragnani.project-manager
2023-01-11 14:41:54.762 [info] Installing extension: atlassian.atlascode
2023-01-11 14:41:54.762 [info] Installing the extension without checking dependencies and pack atlassian.atlascode
2023-01-11 14:41:54.765 [info] Getting Manifest... ms-ceintl.vscode-language-pack-pt-br
2023-01-11 14:41:54.767 [info] Installing extension: christian-kohler.path-intellisense
2023-01-11 14:41:54.767 [info] Installing the extension without checking dependencies and pack christian-kohler.path-intellisense
2023-01-11 14:41:54.782 [info] Installing extension: ajinkya-hingne.salesforce-snippets
2023-01-11 14:41:54.783 [info] Installing the extension without checking dependencies and pack ajinkya-hingne.salesforce-snippets
2023-01-11 14:41:54.784 [info] Getting Manifest... dbaeumer.vscode-eslint
2023-01-11 14:41:54.796 [info] Getting Manifest... redhat.vscode-yaml
2023-01-11 14:41:54.847 [info] Getting Manifest... github.vscode-pull-request-github
2023-01-11 14:41:55.082 [info] Installing extension: oblongmana.vscode-salesforce-doc-lookup
2023-01-11 14:41:55.082 [info] Installing the extension without checking dependencies and pack oblongmana.vscode-salesforce-doc-lookup
2023-01-11 14:41:55.126 [info] Getting Manifest... eamodio.gitlens
2023-01-11 14:41:55.181 [info] Getting Manifest... redhat.vscode-xml
2023-01-11 14:41:55.182 [info] Installing extension: codezombiech.gitignore
2023-01-11 14:41:55.182 [info] Installing the extension without checking dependencies and pack codezombiech.gitignore
2023-01-11 14:41:55.201 [info] Installing extension: allanoricil.salesforce-soql-editor
2023-01-11 14:41:55.201 [info] Installing the extension without checking dependencies and pack allanoricil.salesforce-soql-editor
2023-01-11 14:41:55.202 [info] Installing extension: salesforce.salesforcedx-vscode-lwc
2023-01-11 14:41:55.202 [info] Installing the extension without checking dependencies and pack salesforce.salesforcedx-vscode-lwc
2023-01-11 14:41:55.215 [info] Installing extension: salesforce.salesforcedx-vscode-apex
2023-01-11 14:41:55.215 [info] Installing the extension without checking dependencies and pack salesforce.salesforcedx-vscode-apex
2023-01-11 14:41:55.216 [info] Installing extension: shan.code-settings-sync
2023-01-11 14:41:55.216 [info] Installing the extension without checking dependencies and pack shan.code-settings-sync
2023-01-11 14:41:55.217 [info] Installing extension: salesforce.salesforcedx-vscode-core
2023-01-11 14:41:55.217 [info] Installing the extension without checking dependencies and pack salesforce.salesforcedx-vscode-core
2023-01-11 14:41:55.218 [info] Installing extension: salesforce.salesforcedx-vscode-expanded
2023-01-11 14:41:55.219 [info] Installing the extension without checking dependencies and pack salesforce.salesforcedx-vscode-expanded
2023-01-11 14:41:55.222 [info] Installing extension: donjayamanne.git-extension-pack
2023-01-11 14:41:55.222 [info] Installing the extension without checking dependencies and pack donjayamanne.git-extension-pack
2023-01-11 14:41:55.223 [info] Installing extension: vscode-icons-team.vscode-icons
2023-01-11 14:41:55.223 [info] Installing the extension without checking dependencies and pack vscode-icons-team.vscode-icons
2023-01-11 14:41:55.224 [info] Installing extension: salesforce.salesforcedx-vscode
2023-01-11 14:41:55.225 [info] Installing the extension without checking dependencies and pack salesforce.salesforcedx-vscode
2023-01-11 14:41:55.225 [info] Installing extension: gkkirilov.salesforce-commerce-cloud-productivity-pack
2023-01-11 14:41:55.225 [info] Installing the extension without checking dependencies and pack gkkirilov.salesforce-commerce-cloud-productivity-pack
2023-01-11 14:41:55.226 [info] Installing extension: finico.quickopenselection
2023-01-11 14:41:55.226 [info] Installing the extension without checking dependencies and pack finico.quickopenselection
2023-01-11 14:41:55.239 [info] Installing extension: financialforce.lana
2023-01-11 14:41:55.239 [info] Installing the extension without checking dependencies and pack financialforce.lana
2023-01-11 14:41:55.240 [info] Installing extension: salesforce.salesforcedx-vscode-soql
2023-01-11 14:41:55.240 [info] Installing the extension without checking dependencies and pack salesforce.salesforcedx-vscode-soql
2023-01-11 14:41:55.241 [info] Installing extension: salesforce.salesforcedx-vscode-apex-debugger
2023-01-11 14:41:55.241 [info] Installing the extension without checking dependencies and pack salesforce.salesforcedx-vscode-apex-debugger
2023-01-11 14:41:55.242 [info] Installing extension: salesforce.salesforce-vscode-slds
2023-01-11 14:41:55.242 [info] Installing the extension without checking dependencies and pack salesforce.salesforce-vscode-slds
2023-01-11 14:41:55.243 [info] Installing extension: salesforce.salesforcedx-vscode-apex-replay-debugger
2023-01-11 14:41:55.243 [info] Installing the extension without checking dependencies and pack salesforce.salesforcedx-vscode-apex-replay-debugger
2023-01-11 14:41:55.266 [info] Installing extension: formulahendry.auto-rename-tag
2023-01-11 14:41:55.266 [info] Installing the extension without checking dependencies and pack formulahendry.auto-rename-tag
2023-01-11 14:41:55.267 [info] Installing extension: donjayamanne.githistory
2023-01-11 14:41:55.267 [info] Installing the extension without checking dependencies and pack donjayamanne.githistory
2023-01-11 14:41:55.268 [info] Installing extension: salesforce.salesforcedx-vscode-visualforce
2023-01-11 14:41:55.268 [info] Installing the extension without checking dependencies and pack salesforce.salesforcedx-vscode-visualforce
2023-01-11 14:41:55.268 [info] Installing extension: asilverio.blackai-visual-studio-code
2023-01-11 14:41:55.269 [info] Installing the extension without checking dependencies and pack asilverio.blackai-visual-studio-code
2023-01-11 14:41:55.269 [info] Installing extension: ecmel.vscode-html-css
2023-01-11 14:41:55.269 [info] Installing the extension without checking dependencies and pack ecmel.vscode-html-css
2023-01-11 14:41:55.270 [info] Installing extension: salesforce.salesforcedx-vscode-lightning
2023-01-11 14:41:55.270 [info] Installing the extension without checking dependencies and pack salesforce.salesforcedx-vscode-lightning
2023-01-11 14:41:55.271 [info] Installing extension: hookyqr.beautify
2023-01-11 14:41:55.271 [info] Installing the extension without checking dependencies and pack hookyqr.beautify
2023-01-11 14:41:55.272 [info] Installing extension: rafamel.subtle-brackets
2023-01-11 14:41:55.273 [info] Installing the extension without checking dependencies and pack rafamel.subtle-brackets
2023-01-11 14:41:55.273 [info] Installing extension: nikhilkumar80.js-patterns-snippets
2023-01-11 14:41:55.274 [info] Installing the extension without checking dependencies and pack nikhilkumar80.js-patterns-snippets
2023-01-11 14:41:55.274 [info] Installing extension: nonylene.dark-molokai-theme
2023-01-11 14:41:55.274 [info] Installing the extension without checking dependencies and pack nonylene.dark-molokai-theme
2023-01-11 14:41:55.275 [info] Installing extension: sqrtt.prophet
2023-01-11 14:41:55.275 [info] Installing the extension without checking dependencies and pack sqrtt.prophet
2023-01-11 14:41:55.313 [info] Installing extension: ziyasal.vscode-open-in-github
2023-01-11 14:41:55.313 [info] Installing the extension without checking dependencies and pack ziyasal.vscode-open-in-github
2023-01-11 14:41:55.314 [info] Installing extension: octref.vetur
2023-01-11 14:41:55.314 [info] Installing the extension without checking dependencies and pack octref.vetur
2023-01-11 14:41:55.314 [info] Installing extension: fabiowquixada.vscode-isml-linter
2023-01-11 14:41:55.315 [info] Installing the extension without checking dependencies and pack fabiowquixada.vscode-isml-linter
2023-01-11 14:41:55.315 [info] Installing extension: esbenp.prettier-vscode
2023-01-11 14:41:55.315 [info] Installing the extension without checking dependencies and pack esbenp.prettier-vscode
2023-01-11 14:41:55.316 [info] Installing extension: wayou.vscode-todo-highlight
2023-01-11 14:41:55.317 [info] Installing the extension without checking dependencies and pack wayou.vscode-todo-highlight
2023-01-11 14:41:55.317 [info] Installing extension: mohithshrivastava.dx-code-companion
2023-01-11 14:41:55.317 [info] Installing the extension without checking dependencies and pack mohithshrivastava.dx-code-companion
2023-01-11 14:41:55.318 [info] Installing extension: sdras.vue-vscode-snippets
2023-01-11 14:41:55.318 [info] Installing the extension without checking dependencies and pack sdras.vue-vscode-snippets
2023-01-11 14:41:55.319 [info] Installing extension: tabnine.tabnine-vscode
2023-01-11 14:41:55.320 [info] Installing the extension without checking dependencies and pack tabnine.tabnine-vscode
2023-01-11 14:41:55.320 [info] Installing extension: zignd.html-css-class-completion
2023-01-11 14:41:55.320 [info] Installing the extension without checking dependencies and pack zignd.html-css-class-completion
2023-01-11 14:41:55.321 [info] Installing extension: dotjoshjohnson.xml
2023-01-11 14:41:55.321 [info] Installing the extension without checking dependencies and pack dotjoshjohnson.xml
2023-01-11 14:41:55.323 [info] Installing extension: chuckjonas.apex-pmd
2023-01-11 14:41:55.324 [info] Installing the extension without checking dependencies and pack chuckjonas.apex-pmd
2023-01-11 14:41:55.324 [info] Installing extension: vue.volar
2023-01-11 14:41:55.325 [info] Installing the extension without checking dependencies and pack vue.volar
2023-01-11 14:41:55.325 [info] Installing extension: vsls-contrib.codetour
2023-01-11 14:41:55.326 [info] Installing the extension without checking dependencies and pack vsls-contrib.codetour
2023-01-11 14:41:55.326 [info] Installing extension: pikamachu.require-cartridge-resolve
2023-01-11 14:41:55.326 [info] Installing the extension without checking dependencies and pack pikamachu.require-cartridge-resolve
2023-01-11 14:41:55.337 [info] Installing extension: pkief.material-icon-theme
2023-01-11 14:41:55.338 [info] Installing the extension without checking dependencies and pack pkief.material-icon-theme
2023-01-11 14:41:55.338 [info] Installing extension: teamastra.sfdx-vs-test-class-generator
2023-01-11 14:41:55.339 [info] Installing the extension without checking dependencies and pack teamastra.sfdx-vs-test-class-generator
2023-01-11 14:41:55.340 [info] Installing extension: ritwickdey.liveserver
2023-01-11 14:41:55.340 [info] Installing the extension without checking dependencies and pack ritwickdey.liveserver
2023-01-11 14:41:55.341 [info] Installing extension: vignaeshrama.sfdx-package-xml-generator
2023-01-11 14:41:55.341 [info] Installing the extension without checking dependencies and pack vignaeshrama.sfdx-package-xml-generator
2023-01-11 14:41:55.342 [info] Installing extension: mkaufman.htmlhint
2023-01-11 14:41:55.342 [info] Installing the extension without checking dependencies and pack mkaufman.htmlhint
2023-01-11 14:41:55.343 [info] Installing extension: miguelsolorio.fluent-icons
2023-01-11 14:41:55.343 [info] Installing the extension without checking dependencies and pack miguelsolorio.fluent-icons
2023-01-11 14:41:55.344 [info] Installing extension: ms-vscode.mono-debug
2023-01-11 14:41:55.344 [info] Installing the extension without checking dependencies and pack ms-vscode.mono-debug
2023-01-11 14:41:55.380 [info] Installing extension: shardulm94.trailing-spaces
2023-01-11 14:41:55.380 [info] Installing the extension without checking dependencies and pack shardulm94.trailing-spaces
2023-01-11 14:41:55.381 [info] Installing extension: drossi750.vscode-salesforce-toolkit
2023-01-11 14:41:55.381 [info] Installing the extension without checking dependencies and pack drossi750.vscode-salesforce-toolkit
2023-01-11 14:41:55.382 [info] Installing extension: ms-ceintl.vscode-language-pack-pt-br
2023-01-11 14:41:55.382 [info] Installing the extension without checking dependencies and pack ms-ceintl.vscode-language-pack-pt-br
2023-01-11 14:41:55.584 [info] Installing extension: redhat.vscode-yaml
2023-01-11 14:41:55.584 [info] Installing the extension without checking dependencies and pack redhat.vscode-yaml
2023-01-11 14:41:55.585 [info] Installing extension: dbaeumer.vscode-eslint
2023-01-11 14:41:55.585 [info] Installing the extension without checking dependencies and pack dbaeumer.vscode-eslint
2023-01-11 14:41:55.586 [info] Installing extension: github.vscode-pull-request-github
2023-01-11 14:41:55.586 [info] Installing the extension without checking dependencies and pack github.vscode-pull-request-github
2023-01-11 14:41:55.799 [info] Installing extension: eamodio.gitlens
2023-01-11 14:41:55.799 [info] Installing the extension without checking dependencies and pack eamodio.gitlens
2023-01-11 14:41:55.800 [info] Installing extension: redhat.vscode-xml
2023-01-11 14:41:55.800 [info] Installing the extension without checking dependencies and pack redhat.vscode-xml
2023-01-11 14:41:56.922 [info] Extracted extension to /home/barucco/.vscode/extensions/.d5500232-d476-4692-9f5c-4a3fa70a5c00: ajinkya-hingne.salesforce-snippets
2023-01-11 14:41:56.928 [info] Extracted extension to /home/barucco/.vscode/extensions/.df51f41b-e5f2-47cc-a099-f8a7665fc7b3: codezombiech.gitignore
2023-01-11 14:41:56.967 [info] Renamed to /home/barucco/.vscode/extensions/ajinkya-hingne.salesforce-snippets-1.2.1
2023-01-11 14:41:56.969 [info] Extracting completed. ajinkya-hingne.salesforce-snippets
2023-01-11 14:41:56.972 [info] Extracted extension to /home/barucco/.vscode/extensions/.133d19ee-e1bc-45b8-b7be-a89a20f554a6: christian-kohler.path-intellisense
2023-01-11 14:41:56.985 [info] Extracted extension to /home/barucco/.vscode/extensions/.bbb1f972-3116-4be7-84a5-0561d019608a: alefragnani.project-manager
2023-01-11 14:41:57.035 [info] Renamed to /home/barucco/.vscode/extensions/codezombiech.gitignore-0.9.0
2023-01-11 14:41:57.036 [info] Extracting completed. codezombiech.gitignore
2023-01-11 14:41:57.064 [info] Extracted extension to /home/barucco/.vscode/extensions/.04c44c8d-e9cf-4260-a583-8f05ed8e25ec: atlassian.atlascode
2023-01-11 14:41:57.110 [info] Extension installed successfully: ajinkya-hingne.salesforce-snippets
2023-01-11 14:41:57.110 [info] Renamed to /home/barucco/.vscode/extensions/christian-kohler.path-intellisense-2.8.4
2023-01-11 14:41:57.112 [info] Extracting completed. christian-kohler.path-intellisense
2023-01-11 14:41:57.137 [info] Renamed to /home/barucco/.vscode/extensions/atlassian.atlascode-3.0.0
2023-01-11 14:41:57.137 [info] Renamed to /home/barucco/.vscode/extensions/alefragnani.project-manager-12.7.0
2023-01-11 14:41:57.138 [info] Extracting completed. atlassian.atlascode
2023-01-11 14:41:57.139 [info] Extracting completed. alefragnani.project-manager
2023-01-11 14:41:57.161 [info] Extension installed successfully: codezombiech.gitignore
2023-01-11 14:41:57.195 [info] Extension installed successfully: christian-kohler.path-intellisense
2023-01-11 14:41:57.231 [info] Extension installed successfully: atlassian.atlascode
2023-01-11 14:41:57.264 [info] Extension installed successfully: alefragnani.project-manager
2023-01-11 14:41:57.403 [info] Extracted extension to /home/barucco/.vscode/extensions/.001fcd97-b57c-4439-b0c1-2b46f9eaa564: oblongmana.vscode-salesforce-doc-lookup
2023-01-11 14:41:57.445 [info] Renamed to /home/barucco/.vscode/extensions/oblongmana.vscode-salesforce-doc-lookup-2.0.0
2023-01-11 14:41:57.446 [info] Extracting completed. oblongmana.vscode-salesforce-doc-lookup
2023-01-11 14:41:57.489 [info] Extension installed successfully: oblongmana.vscode-salesforce-doc-lookup
2023-01-11 14:41:59.150 [info] Extracted extension to /home/barucco/.vscode/extensions/.32fe74d8-f485-4412-ad7d-f109ae73de6a: allanoricil.salesforce-soql-editor
2023-01-11 14:41:59.184 [info] Renamed to /home/barucco/.vscode/extensions/allanoricil.salesforce-soql-editor-1.8.0
2023-01-11 14:41:59.185 [info] Extracting completed. allanoricil.salesforce-soql-editor
2023-01-11 14:41:59.219 [info] Extension installed successfully: allanoricil.salesforce-soql-editor
2023-01-11 14:41:59.554 [info] Extracted extension to /home/barucco/.vscode/extensions/.c97da2f5-8fe2-451f-904b-11edc19a63c0: salesforce.salesforcedx-vscode-expanded
2023-01-11 14:41:59.589 [info] Extracted extension to /home/barucco/.vscode/extensions/.7e495acf-6a00-40c2-bc78-4af2106f0d81: teamastra.sfdx-vs-test-class-generator
2023-01-11 14:41:59.635 [info] Renamed to /home/barucco/.vscode/extensions/salesforce.salesforcedx-vscode-expanded-56.5.1
2023-01-11 14:41:59.635 [info] Extracting completed. salesforce.salesforcedx-vscode-expanded
2023-01-11 14:41:59.674 [info] Renamed to /home/barucco/.vscode/extensions/teamastra.sfdx-vs-test-class-generator-1.0.0
2023-01-11 14:41:59.675 [info] Extracting completed. teamastra.sfdx-vs-test-class-generator
2023-01-11 14:41:59.685 [info] Extracted extension to /home/barucco/.vscode/extensions/.8cdbc499-bff7-45f6-9f9b-5b0acded8a20: tabnine.tabnine-vscode
2023-01-11 14:41:59.694 [info] Extension installed successfully: salesforce.salesforcedx-vscode-expanded
2023-01-11 14:41:59.739 [info] Renamed to /home/barucco/.vscode/extensions/tabnine.tabnine-vscode-3.6.35
2023-01-11 14:41:59.740 [info] Extracting completed. tabnine.tabnine-vscode
2023-01-11 14:41:59.762 [info] Extension installed successfully: teamastra.sfdx-vs-test-class-generator
2023-01-11 14:41:59.796 [info] Extension installed successfully: tabnine.tabnine-vscode
2023-01-11 14:42:00.012 [info] Extracted extension to /home/barucco/.vscode/extensions/.ea023494-972a-4c11-8e2e-e00248fe8645: shan.code-settings-sync
2023-01-11 14:42:00.072 [info] Renamed to /home/barucco/.vscode/extensions/shan.code-settings-sync-3.4.3
2023-01-11 14:42:00.074 [info] Extracting completed. shan.code-settings-sync
2023-01-11 14:42:00.129 [info] Extension installed successfully: shan.code-settings-sync
2023-01-11 14:42:00.549 [info] Extracted extension to /home/barucco/.vscode/extensions/.9a27c904-e368-45d2-b068-3c12b9dc1c33: wayou.vscode-todo-highlight
2023-01-11 14:42:00.635 [info] Renamed to /home/barucco/.vscode/extensions/wayou.vscode-todo-highlight-1.0.5
2023-01-11 14:42:00.636 [info] Extracting completed. wayou.vscode-todo-highlight
2023-01-11 14:42:00.671 [info] Extension installed successfully: wayou.vscode-todo-highlight
2023-01-11 14:42:03.335 [info] Extracted extension to /home/barucco/.vscode/extensions/.341f57be-4aab-4bf8-a042-d7c01e7de021: zignd.html-css-class-completion
2023-01-11 14:42:03.419 [info] Renamed to /home/barucco/.vscode/extensions/zignd.html-css-class-completion-1.20.0
2023-01-11 14:42:03.420 [info] Extracting completed. zignd.html-css-class-completion
2023-01-11 14:42:03.479 [info] Extension installed successfully: zignd.html-css-class-completion
2023-01-11 14:42:05.044 [info] Extracted extension to /home/barucco/.vscode/extensions/.77dc87d2-4e50-43f3-b054-2f602ad4d37f: fabiowquixada.vscode-isml-linter
2023-01-11 14:42:05.082 [info] Extracted extension to /home/barucco/.vscode/extensions/.ce14c8a5-c0b1-44d4-b1ee-bc6df271a88d: salesforce.salesforcedx-vscode-visualforce
2023-01-11 14:42:05.089 [info] Renamed to /home/barucco/.vscode/extensions/fabiowquixada.vscode-isml-linter-1.1.9
2023-01-11 14:42:05.090 [info] Extracting completed. fabiowquixada.vscode-isml-linter
2023-01-11 14:42:05.135 [info] Renamed to /home/barucco/.vscode/extensions/salesforce.salesforcedx-vscode-visualforce-56.5.1
2023-01-11 14:42:05.137 [info] Extracting completed. salesforce.salesforcedx-vscode-visualforce
2023-01-11 14:42:05.152 [info] Extension installed successfully: fabiowquixada.vscode-isml-linter
2023-01-11 14:42:05.210 [info] Extension installed successfully: salesforce.salesforcedx-vscode-visualforce
2023-01-11 14:42:11.808 [info] Extracted extension to /home/barucco/.vscode/extensions/.fe5a92d9-2bed-4a5f-9534-5fe63b86dfed: gkkirilov.salesforce-commerce-cloud-productivity-pack
2023-01-11 14:42:11.866 [info] Renamed to /home/barucco/.vscode/extensions/gkkirilov.salesforce-commerce-cloud-productivity-pack-1.0.3
2023-01-11 14:42:11.867 [info] Extracting completed. gkkirilov.salesforce-commerce-cloud-productivity-pack
2023-01-11 14:42:11.903 [info] Extension installed successfully: gkkirilov.salesforce-commerce-cloud-productivity-pack
2023-01-11 14:42:12.757 [info] Extracted extension to /home/barucco/.vscode/extensions/.61d1f953-afcd-4134-9b2c-8fa2f68676d7: mohithshrivastava.dx-code-companion
2023-01-11 14:42:12.834 [info] Renamed to /home/barucco/.vscode/extensions/mohithshrivastava.dx-code-companion-0.4.9
2023-01-11 14:42:12.835 [info] Extracting completed. mohithshrivastava.dx-code-companion
2023-01-11 14:42:12.896 [info] Extracted extension to /home/barucco/.vscode/extensions/.d30f6771-1e0e-424c-a864-c19cec3e3630: asilverio.blackai-visual-studio-code
2023-01-11 14:42:12.906 [info] Extension installed successfully: mohithshrivastava.dx-code-companion
2023-01-11 14:42:12.939 [info] Renamed to /home/barucco/.vscode/extensions/asilverio.blackai-visual-studio-code-0.1.9
2023-01-11 14:42:12.941 [info] Extracting completed. asilverio.blackai-visual-studio-code
2023-01-11 14:42:12.976 [info] Extension installed successfully: asilverio.blackai-visual-studio-code
2023-01-11 14:42:13.192 [info] Extracted extension to /home/barucco/.vscode/extensions/.3a445fbe-1971-463b-8257-8ba66b7e5ec1: ecmel.vscode-html-css
2023-01-11 14:42:13.222 [info] Renamed to /home/barucco/.vscode/extensions/ecmel.vscode-html-css-1.13.1
2023-01-11 14:42:13.223 [info] Extracting completed. ecmel.vscode-html-css
2023-01-11 14:42:13.252 [info] Extension installed successfully: ecmel.vscode-html-css
2023-01-11 14:42:13.278 [info] Extracted extension to /home/barucco/.vscode/extensions/.91b8dcca-9080-4dbe-ad6c-08b64aa05319: octref.vetur
2023-01-11 14:42:13.312 [info] Renamed to /home/barucco/.vscode/extensions/octref.vetur-0.36.1
2023-01-11 14:42:13.314 [info] Extracting completed. octref.vetur
2023-01-11 14:42:13.349 [info] Extension installed successfully: octref.vetur
2023-01-11 14:42:13.970 [info] Extracted extension to /home/barucco/.vscode/extensions/.c2e1f581-e574-46be-9012-cc0ecb4faabd: finico.quickopenselection
2023-01-11 14:42:14.010 [info] Renamed to /home/barucco/.vscode/extensions/finico.quickopenselection-1.1.0
2023-01-11 14:42:14.011 [info] Extracting completed. finico.quickopenselection
2023-01-11 14:42:14.047 [info] Extension installed successfully: finico.quickopenselection
2023-01-11 14:42:15.734 [info] Extracted extension to /home/barucco/.vscode/extensions/.2768d54e-1e80-4b3f-a420-7a2aae61ba6e: salesforce.salesforcedx-vscode-lwc
2023-01-11 14:42:15.900 [info] Renamed to /home/barucco/.vscode/extensions/salesforce.salesforcedx-vscode-lwc-56.5.1
2023-01-11 14:42:15.901 [info] Extracting completed. salesforce.salesforcedx-vscode-lwc
2023-01-11 14:42:15.943 [info] Extension installed successfully: salesforce.salesforcedx-vscode-lwc
2023-01-11 14:42:16.535 [info] Extracted extension to /home/barucco/.vscode/extensions/.de77eaf6-f449-4b4e-9362-92c270e99abe: financialforce.lana
2023-01-11 14:42:16.568 [info] Extracted extension to /home/barucco/.vscode/extensions/.ee3dcb71-2e27-4e15-85f3-d058cdefe0e4: salesforce.salesforcedx-vscode
2023-01-11 14:42:16.600 [info] Renamed to /home/barucco/.vscode/extensions/financialforce.lana-1.5.2
2023-01-11 14:42:16.602 [info] Extracting completed. financialforce.lana
2023-01-11 14:42:16.634 [info] Renamed to /home/barucco/.vscode/extensions/salesforce.salesforcedx-vscode-56.5.1
2023-01-11 14:42:16.635 [info] Extracting completed. salesforce.salesforcedx-vscode
2023-01-11 14:42:16.657 [info] Extension installed successfully: financialforce.lana
2023-01-11 14:42:16.700 [info] Extension installed successfully: salesforce.salesforcedx-vscode
2023-01-11 14:42:18.739 [info] Extracted extension to /home/barucco/.vscode/extensions/.2f17ca4b-8f24-4240-a85e-78bd43e39246: hookyqr.beautify
2023-01-11 14:42:18.780 [info] Renamed to /home/barucco/.vscode/extensions/hookyqr.beautify-1.5.0
2023-01-11 14:42:18.781 [info] Extracting completed. hookyqr.beautify
2023-01-11 14:42:18.823 [info] Extension installed successfully: hookyqr.beautify
2023-01-11 14:42:19.625 [info] Extracted extension to /home/barucco/.vscode/extensions/.eb8b0e77-1fed-419c-a1e5-7bfbf5dd255c: salesforce.salesforcedx-vscode-apex-replay-debugger
2023-01-11 14:42:19.697 [info] Renamed to /home/barucco/.vscode/extensions/salesforce.salesforcedx-vscode-apex-replay-debugger-56.5.1
2023-01-11 14:42:19.698 [info] Extracting completed. salesforce.salesforcedx-vscode-apex-replay-debugger
2023-01-11 14:42:19.731 [info] Extension installed successfully: salesforce.salesforcedx-vscode-apex-replay-debugger
2023-01-11 14:42:21.830 [info] Extracted extension to /home/barucco/.vscode/extensions/.f195becf-55c6-4450-9227-3a31ab1ab8a3: donjayamanne.githistory
2023-01-11 14:42:21.875 [info] Renamed to /home/barucco/.vscode/extensions/donjayamanne.githistory-0.6.19
2023-01-11 14:42:21.876 [info] Extracting completed. donjayamanne.githistory
2023-01-11 14:42:22.001 [info] Extension installed successfully: donjayamanne.githistory
2023-01-11 14:42:22.435 [info] Extracted extension to /home/barucco/.vscode/extensions/.131d855f-bf04-4f7d-aee9-b9cd2e0aee6e: formulahendry.auto-rename-tag
2023-01-11 14:42:22.505 [info] Extracted extension to /home/barucco/.vscode/extensions/.5accef74-3252-49a5-9d5f-23949f2e6f54: rafamel.subtle-brackets
2023-01-11 14:42:22.538 [info] Renamed to /home/barucco/.vscode/extensions/formulahendry.auto-rename-tag-0.1.10
2023-01-11 14:42:22.540 [info] Extracting completed. formulahendry.auto-rename-tag
2023-01-11 14:42:22.594 [info] Renamed to /home/barucco/.vscode/extensions/rafamel.subtle-brackets-3.0.0
2023-01-11 14:42:22.598 [info] Extracting completed. rafamel.subtle-brackets
2023-01-11 14:42:22.645 [info] Extension installed successfully: formulahendry.auto-rename-tag
2023-01-11 14:42:22.655 [info] Extracted extension to /home/barucco/.vscode/extensions/.3b1514b3-76c1-48ff-a6e8-1c18f58e1f23: nikhilkumar80.js-patterns-snippets
2023-01-11 14:42:22.690 [info] Extracted extension to /home/barucco/.vscode/extensions/.7a30c578-38c2-4c64-a70f-d895899185e8: donjayamanne.git-extension-pack
2023-01-11 14:42:22.731 [info] Extension installed successfully: rafamel.subtle-brackets
2023-01-11 14:42:22.777 [info] Renamed to /home/barucco/.vscode/extensions/nikhilkumar80.js-patterns-snippets-0.0.5
2023-01-11 14:42:22.778 [info] Renamed to /home/barucco/.vscode/extensions/donjayamanne.git-extension-pack-0.1.3
2023-01-11 14:42:22.779 [info] Extracting completed. nikhilkumar80.js-patterns-snippets
2023-01-11 14:42:22.780 [info] Extracting completed. donjayamanne.git-extension-pack
2023-01-11 14:42:22.873 [info] Extension installed successfully: nikhilkumar80.js-patterns-snippets
2023-01-11 14:42:22.934 [info] Extracted extension to /home/barucco/.vscode/extensions/.5b054cd5-ff25-47dc-866e-9c7af11eef68: vscode-icons-team.vscode-icons
2023-01-11 14:42:22.979 [info] Extension installed successfully: donjayamanne.git-extension-pack
2023-01-11 14:42:23.007 [info] Renamed to /home/barucco/.vscode/extensions/vscode-icons-team.vscode-icons-12.0.1
2023-01-11 14:42:23.012 [info] Extracting completed. vscode-icons-team.vscode-icons
2023-01-11 14:42:23.103 [info] Extension installed successfully: vscode-icons-team.vscode-icons
2023-01-11 14:42:23.443 [info] Extracted extension to /home/barucco/.vscode/extensions/.bb90e109-23b5-4d8c-81ec-138d91968296: nonylene.dark-molokai-theme
2023-01-11 14:42:23.518 [info] Renamed to /home/barucco/.vscode/extensions/nonylene.dark-molokai-theme-1.0.5
2023-01-11 14:42:23.519 [info] Extracting completed. nonylene.dark-molokai-theme
2023-01-11 14:42:23.629 [info] Extension installed successfully: nonylene.dark-molokai-theme
2023-01-11 14:42:24.272 [info] Extracted extension to /home/barucco/.vscode/extensions/.f0c833d3-f1f2-4520-b5d8-243e3d95ed16: sqrtt.prophet
2023-01-11 14:42:24.399 [info] Renamed to /home/barucco/.vscode/extensions/sqrtt.prophet-1.4.31
2023-01-11 14:42:24.400 [info] Extracting completed. sqrtt.prophet
2023-01-11 14:42:24.466 [info] Extension installed successfully: sqrtt.prophet
2023-01-11 14:42:26.460 [info] Extracted extension to /home/barucco/.vscode/extensions/.574ccd55-075c-4b4c-8ed9-f2114da7de3a: salesforce.salesforcedx-vscode-soql
2023-01-11 14:42:26.550 [info] Renamed to /home/barucco/.vscode/extensions/salesforce.salesforcedx-vscode-soql-56.5.1
2023-01-11 14:42:26.551 [info] Extracting completed. salesforce.salesforcedx-vscode-soql
2023-01-11 14:42:26.604 [info] Extension installed successfully: salesforce.salesforcedx-vscode-soql
2023-01-11 14:42:27.309 [info] Extracted extension to /home/barucco/.vscode/extensions/.2c3e5eb0-b783-491a-88c7-3bd2105bd25e: salesforce.salesforcedx-vscode-lightning
2023-01-11 14:42:27.374 [info] Renamed to /home/barucco/.vscode/extensions/salesforce.salesforcedx-vscode-lightning-56.5.1
2023-01-11 14:42:27.376 [info] Extracting completed. salesforce.salesforcedx-vscode-lightning
2023-01-11 14:42:27.429 [info] Extension installed successfully: salesforce.salesforcedx-vscode-lightning
2023-01-11 14:42:28.280 [info] Extracted extension to /home/barucco/.vscode/extensions/.4d82142a-b10c-4c17-bcd9-57800782d306: miguelsolorio.fluent-icons
2023-01-11 14:42:28.318 [info] Renamed to /home/barucco/.vscode/extensions/miguelsolorio.fluent-icons-0.0.18
2023-01-11 14:42:28.319 [info] Extracting completed. miguelsolorio.fluent-icons
2023-01-11 14:42:28.362 [info] Extension installed successfully: miguelsolorio.fluent-icons
2023-01-11 14:42:29.944 [info] Extracted extension to /home/barucco/.vscode/extensions/.ad49aec3-d165-4ac6-9318-42e1b46e9c01: vsls-contrib.codetour
2023-01-11 14:42:29.980 [info] Renamed to /home/barucco/.vscode/extensions/vsls-contrib.codetour-0.0.58
2023-01-11 14:42:29.982 [info] Extracting completed. vsls-contrib.codetour
2023-01-11 14:42:30.024 [info] Extension installed successfully: vsls-contrib.codetour
2023-01-11 14:42:30.510 [info] Extracted extension to /home/barucco/.vscode/extensions/.1ec69de8-92d1-4ba6-b98a-c482768c1940: pikamachu.require-cartridge-resolve
2023-01-11 14:42:30.654 [info] Renamed to /home/barucco/.vscode/extensions/pikamachu.require-cartridge-resolve-1.8.1
2023-01-11 14:42:30.655 [info] Extracting completed. pikamachu.require-cartridge-resolve
2023-01-11 14:42:31.153 [info] Extension installed successfully: pikamachu.require-cartridge-resolve
2023-01-11 14:42:31.642 [info] Extracted extension to /home/barucco/.vscode/extensions/.7a2baaa3-7e45-468f-873e-88c1a1b43f63: salesforce.salesforcedx-vscode-apex-debugger
2023-01-11 14:42:31.795 [info] Renamed to /home/barucco/.vscode/extensions/salesforce.salesforcedx-vscode-apex-debugger-56.5.1
2023-01-11 14:42:31.798 [info] Extracting completed. salesforce.salesforcedx-vscode-apex-debugger
2023-01-11 14:42:31.871 [info] Extracted extension to /home/barucco/.vscode/extensions/.a3a6a7e9-621a-48b9-9010-4f48542af6c8: esbenp.prettier-vscode
2023-01-11 14:42:32.241 [info] Extension installed successfully: salesforce.salesforcedx-vscode-apex-debugger
2023-01-11 14:42:32.529 [info] Renamed to /home/barucco/.vscode/extensions/esbenp.prettier-vscode-9.10.3
2023-01-11 14:42:32.531 [info] Extracting completed. esbenp.prettier-vscode
2023-01-11 14:42:32.566 [info] Extracted extension to /home/barucco/.vscode/extensions/.139ce584-1456-45f0-a338-fef87e944e50: vue.volar
2023-01-11 14:42:33.342 [info] Extension installed successfully: esbenp.prettier-vscode
2023-01-11 14:42:33.342 [info] Renamed to /home/barucco/.vscode/extensions/vue.volar-1.0.24-linux-x64
2023-01-11 14:42:33.345 [info] Extracting completed. vue.volar
2023-01-11 14:42:33.380 [info] Extracted extension to /home/barucco/.vscode/extensions/.b2d004dc-c9b6-443a-993a-2868e1f53a7d: shardulm94.trailing-spaces
2023-01-11 14:42:33.997 [info] Extension installed successfully: vue.volar
2023-01-11 14:42:34.581 [info] Renamed to /home/barucco/.vscode/extensions/shardulm94.trailing-spaces-0.4.1
2023-01-11 14:42:34.583 [info] Extracting completed. shardulm94.trailing-spaces
2023-01-11 14:42:34.630 [info] Extracted extension to /home/barucco/.vscode/extensions/.a188abbd-c3ea-49fd-8b3d-9a8735ecbdfb: ziyasal.vscode-open-in-github
2023-01-11 14:42:35.521 [info] Renamed to /home/barucco/.vscode/extensions/ziyasal.vscode-open-in-github-1.3.6
2023-01-11 14:42:35.522 [info] Extension installed successfully: shardulm94.trailing-spaces
2023-01-11 14:42:35.526 [info] Extracting completed. ziyasal.vscode-open-in-github
2023-01-11 14:42:35.720 [info] Extracted extension to /home/barucco/.vscode/extensions/.d2f1c878-7cbf-4cf0-b4ba-ce9b7baf0ad7: salesforce.salesforce-vscode-slds
2023-01-11 14:42:36.143 [info] Extracted extension to /home/barucco/.vscode/extensions/.8a852202-05a1-4a02-8db3-90f2d1c2374e: salesforce.salesforcedx-vscode-core
2023-01-11 14:42:36.646 [info] Extension installed successfully: ziyasal.vscode-open-in-github
2023-01-11 14:42:37.360 [info] Renamed to /home/barucco/.vscode/extensions/salesforce.salesforce-vscode-slds-1.4.8
2023-01-11 14:42:37.360 [info] Renamed to /home/barucco/.vscode/extensions/salesforce.salesforcedx-vscode-core-56.5.1
2023-01-11 14:42:37.362 [info] Extracting completed. salesforce.salesforce-vscode-slds
2023-01-11 14:42:37.364 [info] Extracting completed. salesforce.salesforcedx-vscode-core
2023-01-11 14:42:37.867 [info] Extracted extension to /home/barucco/.vscode/extensions/.05ca4491-1c83-4416-b430-c3fc86ee56e1: chuckjonas.apex-pmd
2023-01-11 14:42:38.091 [info] Extension installed successfully: salesforce.salesforce-vscode-slds
2023-01-11 14:42:38.516 [info] Extracted extension to /home/barucco/.vscode/extensions/.c7866c0d-6c07-4feb-8323-12a91d4bcb5e: sdras.vue-vscode-snippets
2023-01-11 14:42:38.861 [info] Renamed to /home/barucco/.vscode/extensions/chuckjonas.apex-pmd-0.5.9
2023-01-11 14:42:38.862 [info] Extension installed successfully: salesforce.salesforcedx-vscode-core
2023-01-11 14:42:38.866 [info] Extracting completed. chuckjonas.apex-pmd
2023-01-11 14:42:39.156 [info] Renamed to /home/barucco/.vscode/extensions/sdras.vue-vscode-snippets-3.1.1
2023-01-11 14:42:39.182 [info] Extracting completed. sdras.vue-vscode-snippets
2023-01-11 14:42:39.473 [info] Extension installed successfully: chuckjonas.apex-pmd
2023-01-11 14:42:40.098 [info] Extension installed successfully: sdras.vue-vscode-snippets
2023-01-11 14:42:41.946 [info] Extracted extension to /home/barucco/.vscode/extensions/.63ccc0d9-229a-4b07-bf4a-6b2d3dea4911: dbaeumer.vscode-eslint
2023-01-11 14:42:41.981 [info] Renamed to /home/barucco/.vscode/extensions/dbaeumer.vscode-eslint-2.2.6
2023-01-11 14:42:41.982 [info] Extracting completed. dbaeumer.vscode-eslint
2023-01-11 14:42:42.016 [info] Extension installed successfully: dbaeumer.vscode-eslint
2023-01-11 14:42:42.826 [info] Extracted extension to /home/barucco/.vscode/extensions/.0728ecd6-f017-49bc-86da-5608ae5ba13a: ms-vscode.mono-debug
2023-01-11 14:42:42.884 [info] Renamed to /home/barucco/.vscode/extensions/ms-vscode.mono-debug-0.16.3
2023-01-11 14:42:42.885 [info] Extracting completed. ms-vscode.mono-debug
2023-01-11 14:42:42.945 [info] Extension installed successfully: ms-vscode.mono-debug
2023-01-11 14:42:44.670 [info] Extracted extension to /home/barucco/.vscode/extensions/.d7572952-15d7-4486-8c7d-65e35bfed711: eamodio.gitlens
2023-01-11 14:42:44.721 [info] Renamed to /home/barucco/.vscode/extensions/eamodio.gitlens-13.2.0
2023-01-11 14:42:44.724 [info] Extracting completed. eamodio.gitlens
2023-01-11 14:42:44.759 [info] Extension installed successfully: eamodio.gitlens
2023-01-11 14:42:44.871 [info] Extracted extension to /home/barucco/.vscode/extensions/.e2d26298-a70b-4904-a602-4827c0e8c89f: redhat.vscode-yaml
2023-01-11 14:42:45.264 [info] Renamed to /home/barucco/.vscode/extensions/redhat.vscode-yaml-1.11.0
2023-01-11 14:42:45.265 [info] Extracting completed. redhat.vscode-yaml
2023-01-11 14:42:45.919 [info] Extension installed successfully: redhat.vscode-yaml
2023-01-11 14:42:47.746 [info] Extracted extension to /home/barucco/.vscode/extensions/.79525c1b-2912-43c4-92f9-452e5e79ac1b: salesforce.salesforcedx-vscode-apex
2023-01-11 14:42:47.759 [info] Extracted extension to /home/barucco/.vscode/extensions/.6ed35263-04be-443f-b46b-afe69ecc6f2c: dotjoshjohnson.xml
2023-01-11 14:42:48.438 [info] Renamed to /home/barucco/.vscode/extensions/dotjoshjohnson.xml-2.5.1
2023-01-11 14:42:48.438 [info] Renamed to /home/barucco/.vscode/extensions/salesforce.salesforcedx-vscode-apex-56.5.1
2023-01-11 14:42:48.440 [info] Extracting completed. dotjoshjohnson.xml
2023-01-11 14:42:48.442 [info] Extracting completed. salesforce.salesforcedx-vscode-apex
2023-01-11 14:42:48.765 [info] Extracted extension to /home/barucco/.vscode/extensions/.3b2f2980-b359-4eef-a2ea-a5685ff4bf80: pkief.material-icon-theme
2023-01-11 14:42:48.855 [info] Extracted extension to /home/barucco/.vscode/extensions/.4ba21191-37a7-454f-bd56-0df804eec4d2: ms-ceintl.vscode-language-pack-pt-br
2023-01-11 14:42:49.225 [info] Extension installed successfully: dotjoshjohnson.xml
2023-01-11 14:42:49.573 [info] Renamed to /home/barucco/.vscode/extensions/pkief.material-icon-theme-4.23.1
2023-01-11 14:42:49.573 [info] Renamed to /home/barucco/.vscode/extensions/ms-ceintl.vscode-language-pack-pt-br-1.74.12140933
2023-01-11 14:42:49.574 [info] Extracting completed. ms-ceintl.vscode-language-pack-pt-br
2023-01-11 14:42:49.575 [info] Extracting completed. pkief.material-icon-theme
2023-01-11 14:42:49.645 [info] Extracted extension to /home/barucco/.vscode/extensions/.b2ec425a-0cc4-4a3c-b697-428095a6d343: ritwickdey.liveserver
2023-01-11 14:42:49.927 [info] Extension installed successfully: salesforce.salesforcedx-vscode-apex
2023-01-11 14:42:50.340 [info] Renamed to /home/barucco/.vscode/extensions/ritwickdey.liveserver-5.7.9
2023-01-11 14:42:50.341 [info] Extracting completed. ritwickdey.liveserver
2023-01-11 14:42:50.650 [info] Adding language packs from the extension ms-ceintl.vscode-language-pack-pt-br
2023-01-11 14:42:51.025 [info] Extension installed successfully: pkief.material-icon-theme
2023-01-11 14:42:51.353 [info] Extension installed successfully: ms-ceintl.vscode-language-pack-pt-br
2023-01-11 14:42:51.610 [info] Extension installed successfully: ritwickdey.liveserver
2023-01-11 14:42:51.712 [info] Extracted extension to /home/barucco/.vscode/extensions/.03e559e6-04e6-4b71-8ce9-1056eaea1541: drossi750.vscode-salesforce-toolkit
2023-01-11 14:42:52.048 [info] Extracted extension to /home/barucco/.vscode/extensions/.ceaa3fe4-1043-49f8-9b15-9554b645f550: mkaufman.htmlhint
2023-01-11 14:42:52.722 [info] Renamed to /home/barucco/.vscode/extensions/drossi750.vscode-salesforce-toolkit-1.3.0
2023-01-11 14:42:52.727 [info] Extracting completed. drossi750.vscode-salesforce-toolkit
2023-01-11 14:42:52.763 [info] Extracted extension to /home/barucco/.vscode/extensions/.e20137a4-3996-47d7-a204-9f3b68b211e5: github.vscode-pull-request-github
2023-01-11 14:42:53.194 [info] Renamed to /home/barucco/.vscode/extensions/mkaufman.htmlhint-0.10.0
2023-01-11 14:42:53.196 [info] Extracting completed. mkaufman.htmlhint
2023-01-11 14:42:53.746 [info] Renamed to /home/barucco/.vscode/extensions/github.vscode-pull-request-github-0.56.0
2023-01-11 14:42:53.747 [info] Extension installed successfully: drossi750.vscode-salesforce-toolkit
2023-01-11 14:42:53.752 [info] Extracting completed. github.vscode-pull-request-github
2023-01-11 14:42:54.246 [info] Extension installed successfully: mkaufman.htmlhint
2023-01-11 14:42:55.017 [info] Extension installed successfully: github.vscode-pull-request-github
2023-01-11 14:43:01.949 [info] Extracted extension to /home/barucco/.vscode/extensions/.3006a5c9-85b7-4ffd-92c3-3d45ae25305b: redhat.vscode-xml
2023-01-11 14:43:02.494 [info] Renamed to /home/barucco/.vscode/extensions/redhat.vscode-xml-0.23.0-linux-x64
2023-01-11 14:43:02.495 [info] Extracting completed. redhat.vscode-xml
2023-01-11 14:43:02.835 [info] Extension installed successfully: redhat.vscode-xml
2023-01-11 14:43:17.916 [info] Extracted extension to /home/barucco/.vscode/extensions/.c04e39d4-e40d-4368-92e4-1f621b014174: vignaeshrama.sfdx-package-xml-generator
2023-01-11 14:43:18.074 [info] Renamed to /home/barucco/.vscode/extensions/vignaeshrama.sfdx-package-xml-generator-2.0.9
2023-01-11 14:43:18.075 [info] Extracting completed. vignaeshrama.sfdx-package-xml-generator
2023-01-11 14:43:18.108 [info] Extension installed successfully: vignaeshrama.sfdx-package-xml-generator
