2023-01-11 14:40:40.593 [info] Using settings sync service https://vscode-sync.trafficmanager.net/
2023-01-11 14:40:40.593 [info] Auto Sync is disabled.
2023-01-11 14:41:42.868 [info] Sync started.
2023-01-11 14:41:43.421 [info] Did reset the local sync state.
2023-01-11 14:41:43.434 [info] Settings: Last sync data state does not exist.
2023-01-11 14:41:43.674 [info] GlobalState: Last sync data state does not exist.
2023-01-11 14:41:43.718 [info] Profiles: Last sync data state does not exist.
2023-01-11 14:41:44.000 [info] Settings: Last sync data state does not exist.
2023-01-11 14:41:44.364 [info] Keybindings: Last sync data state does not exist.
2023-01-11 14:41:44.710 [info] Snippets: Last sync data state does not exist.
2023-01-11 14:41:44.981 [info] Tasks: Last sync data state does not exist.
2023-01-11 14:41:45.787 [info] GlobalState: Last sync data state does not exist.
2023-01-11 14:41:46.297 [info] Extensions: Last sync data state does not exist.
2023-01-11 14:41:46.772 [info] Profiles: Last sync data state does not exist.
2023-01-11 14:41:53.429 [info] Settings: Updated local settings
2023-01-11 14:41:53.493 [info] Settings: Updated last synchronized settings
2023-01-11 14:41:53.496 [info] Profiles: No changes found during synchronizing profiles.
2023-01-11 14:41:53.527 [info] Profiles: Updated last synchronized profiles.
2023-01-11 14:41:53.561 [info] Keybindings: Updated local keybindings
2023-01-11 14:41:53.594 [info] Keybindings: Updated last synchronized keybindings
2023-01-11 14:41:53.595 [info] Snippets: No changes found during synchronizing snippets.
2023-01-11 14:41:53.637 [info] Snippets: Updated last synchronized snippets
2023-01-11 14:41:53.680 [info] Tasks: Updated local tasks
2023-01-11 14:41:53.729 [info] Tasks: Updated last synchronized tasks
2023-01-11 14:41:53.813 [info] GlobalState: Updated locale.
2023-01-11 14:41:53.813 [info] GlobalState: Updated locale
2023-01-11 14:41:53.814 [info] GlobalState: Updated global state ["ces/skipSurvey","commandPalette.mru.cache","commandPalette.mru.counter","cpp.1.lastSessionDate","cpp.1.sessionCount","fileBasedRecommendations/promptedRecommendations","hasNotifiedOfSettingsAutosave","http.linkProtectionTrustedDomains","java.2.lastSessionDate","java.2.sessionCount","javascript.1.editedCount","javascript.1.editedDate","javascript.1.lastSessionDate","javascript.1.sessionCount","memento/workbench.editor.keybindings","nps/isCandidate","nps/skipVersion","terminal.integrated.showTerminalConfigPrompt","typescript.1.lastSessionDate","typescript.1.sessionCount","workbench.view.extension.azure.state.hidden","workbench.view.extension.bookmarks.state.hidden","workbench.view.extension.conflicts.state.hidden","workbench.view.extension.dockerView.state.hidden","workbench.view.extension.github-pull-request.state.hidden","workbench.view.extension.github-pull-requests.state.hidden","workbench.view.extension.gitlens.state.hidden","workbench.view.extension.json-views.state.hidden","workbench.view.extension.kubernetesView.state.hidden","workbench.view.extension.log-viewer.state.hidden","workbench.view.extension.metadata.state.hidden","workbench.view.extension.objectExplorer.state.hidden","workbench.view.extension.particle-welcome.state.hidden","workbench.view.extension.project-manager.state.hidden","workbench.view.extension.references-view.state.hidden","workbench.view.extension.sln_explorer.state.hidden","workbench.view.extension.test.state.hidden","workbench.view.extension.todo-tree-container.state.hidden","workbench.view.extensions.state.hidden","workbench.view.sync.state.hidden","workbench.panel.alignment","Comments.hidden","workbench.view.extension.tabnine-access.state.hidden","workbench.view.extension.jupyter-variables.state.hidden","workbench.view.extension.gitlensPanel.state.hidden","fileBasedRecommendations/promptedFileExtensions","remote.explorerType","workbench.view.extension.aws-explorer.state.hidden","workbench.view.extension.sqltoolsActivityBarContainer.state.hidden","workbench.view.extension.sqltoolsPanelContainer.state.hidden","workbench.view.extension.vlocode-developerlogs.state.hidden","workbench.view.extension.vlocode-vlocity.state.hidden","workbench.view.remote.state.hidden","workbench.welcomePage.hiddenCategories","extensionsAssistant/fileExtensionsSuggestionIgnore","workbench.view.extension.prophet-explorer.state.hidden","workbench.view.extension.atlascode-drawer.state.hidden","tabs-list-width-horizontal","github-barucco","gitlens+-renatobarucco","snippets.usageTimestamps","workbench.view.extension.org-explorer.state.hidden","tabnine-Renato Barucco","views.customizations","github-RBarucco","memento/gettingStartedService","nps/lastSessionDate","nps/sessionCount","workbench.activity.pinnedViewlets2","workbench.explorer.views.state.hidden","workbench.panel.pinnedPanels","workbench.scm.views.state.hidden","workbench.statusbar.hidden","workbench.view.debug.state.hidden","workbench.welcomePage.walkthroughMetadata"]
2023-01-11 14:41:53.815 [info] GlobalState: Updated local ui state
2023-01-11 14:41:53.862 [info] GlobalState: Updated last synchronized ui state
2023-01-11 14:41:54.560 [info] Extensions: Disabled extension donjayamanne.git-extension-pack 0.1.3
2023-01-11 14:41:54.598 [info] Extensions: Disabled extension mohithshrivastava.dx-code-companion 0.4.9
2023-01-11 14:41:54.907 [info] Extensions: Last sync data state does not exist.
2023-01-11 14:41:57.110 [info] Extensions: Installed extension. ajinkya-hingne.salesforce-snippets 1.2.1
2023-01-11 14:41:57.162 [info] Extensions: Installed extension. codezombiech.gitignore 0.9.0
2023-01-11 14:41:57.162 [info] Extensions: Last sync data state does not exist.
2023-01-11 14:41:57.195 [info] Extensions: Installed extension. christian-kohler.path-intellisense 2.8.4
2023-01-11 14:41:57.231 [info] Extensions: Installed extension. atlassian.atlascode 3.0.0
2023-01-11 14:41:57.264 [info] Extensions: Installed extension. alefragnani.project-manager 12.7.0
2023-01-11 14:41:57.321 [info] Extensions: Last sync data state does not exist.
2023-01-11 14:41:57.490 [info] Extensions: Installed extension. oblongmana.vscode-salesforce-doc-lookup 2.0.0
2023-01-11 14:41:57.540 [info] Extensions: Last sync data state does not exist.
2023-01-11 14:41:57.666 [info] Extensions: Last sync data state does not exist.
2023-01-11 14:41:59.219 [info] Extensions: Installed extension. allanoricil.salesforce-soql-editor 1.8.0
2023-01-11 14:41:59.270 [info] Extensions: Last sync data state does not exist.
2023-01-11 14:41:59.695 [info] Extensions: Installed extension. salesforce.salesforcedx-vscode-expanded 56.5.1
2023-01-11 14:41:59.745 [info] Extensions: Last sync data state does not exist.
2023-01-11 14:41:59.762 [info] Extensions: Installed extension. teamastra.sfdx-vs-test-class-generator 1.0.0
2023-01-11 14:41:59.796 [info] Extensions: Installed extension. tabnine.tabnine-vscode 3.6.35
2023-01-11 14:41:59.847 [info] Extensions: Last sync data state does not exist.
2023-01-11 14:42:00.129 [info] Extensions: Installed extension. shan.code-settings-sync 3.4.3
2023-01-11 14:42:00.180 [info] Extensions: Last sync data state does not exist.
2023-01-11 14:42:00.671 [info] Extensions: Installed extension. wayou.vscode-todo-highlight 1.0.5
2023-01-11 14:42:00.722 [info] Extensions: Last sync data state does not exist.
2023-01-11 14:42:03.480 [info] Extensions: Installed extension. zignd.html-css-class-completion 1.20.0
2023-01-11 14:42:03.531 [info] Extensions: Last sync data state does not exist.
2023-01-11 14:42:05.152 [info] Extensions: Installed extension. fabiowquixada.vscode-isml-linter 1.1.9
2023-01-11 14:42:05.203 [info] Extensions: Last sync data state does not exist.
2023-01-11 14:42:05.210 [info] Extensions: Installed extension. salesforce.salesforcedx-vscode-visualforce 56.5.1
2023-01-11 14:42:05.261 [info] Extensions: Last sync data state does not exist.
2023-01-11 14:42:11.903 [info] Extensions: Installed extension. gkkirilov.salesforce-commerce-cloud-productivity-pack 1.0.3
2023-01-11 14:42:11.954 [info] Extensions: Last sync data state does not exist.
2023-01-11 14:42:12.907 [info] Extensions: Installed extension. mohithshrivastava.dx-code-companion 0.4.9
2023-01-11 14:42:12.957 [info] Extensions: Last sync data state does not exist.
2023-01-11 14:42:12.976 [info] Extensions: Installed extension. asilverio.blackai-visual-studio-code 0.1.9
2023-01-11 14:42:13.027 [info] Extensions: Last sync data state does not exist.
2023-01-11 14:42:13.252 [info] Extensions: Installed extension. ecmel.vscode-html-css 1.13.1
2023-01-11 14:42:13.303 [info] Extensions: Last sync data state does not exist.
2023-01-11 14:42:13.349 [info] Extensions: Installed extension. octref.vetur 0.36.1
2023-01-11 14:42:13.400 [info] Extensions: Last sync data state does not exist.
2023-01-11 14:42:14.048 [info] Extensions: Installed extension. finico.quickopenselection 1.1.0
2023-01-11 14:42:14.099 [info] Extensions: Last sync data state does not exist.
2023-01-11 14:42:15.943 [info] Extensions: Installed extension. salesforce.salesforcedx-vscode-lwc 56.5.1
2023-01-11 14:42:15.994 [info] Extensions: Last sync data state does not exist.
2023-01-11 14:42:16.657 [info] Extensions: Installed extension. financialforce.lana 1.5.2
2023-01-11 14:42:16.700 [info] Extensions: Installed extension. salesforce.salesforcedx-vscode 56.5.1
2023-01-11 14:42:16.751 [info] Extensions: Last sync data state does not exist.
2023-01-11 14:42:18.823 [info] Extensions: Installed extension. hookyqr.beautify 1.5.0
2023-01-11 14:42:18.875 [info] Extensions: Last sync data state does not exist.
2023-01-11 14:42:19.731 [info] Extensions: Installed extension. salesforce.salesforcedx-vscode-apex-replay-debugger 56.5.1
2023-01-11 14:42:19.782 [info] Extensions: Last sync data state does not exist.
2023-01-11 14:42:22.001 [info] Extensions: Installed extension. donjayamanne.githistory 0.6.19
2023-01-11 14:42:22.053 [info] Extensions: Last sync data state does not exist.
2023-01-11 14:42:22.645 [info] Extensions: Installed extension. formulahendry.auto-rename-tag 0.1.10
2023-01-11 14:42:22.697 [info] Extensions: Last sync data state does not exist.
2023-01-11 14:42:22.731 [info] Extensions: Installed extension. rafamel.subtle-brackets 3.0.0
2023-01-11 14:42:22.782 [info] Extensions: Last sync data state does not exist.
2023-01-11 14:42:22.873 [info] Extensions: Installed extension. nikhilkumar80.js-patterns-snippets 0.0.5
2023-01-11 14:42:22.931 [info] Extensions: Last sync data state does not exist.
2023-01-11 14:42:22.980 [info] Extensions: Installed extension. donjayamanne.git-extension-pack 0.1.3
2023-01-11 14:42:23.030 [info] Extensions: Last sync data state does not exist.
2023-01-11 14:42:23.103 [info] Extensions: Installed extension. vscode-icons-team.vscode-icons 12.0.1
2023-01-11 14:42:23.154 [info] Extensions: Last sync data state does not exist.
2023-01-11 14:42:23.629 [info] Extensions: Installed extension. nonylene.dark-molokai-theme 1.0.5
2023-01-11 14:42:23.680 [info] Extensions: Last sync data state does not exist.
2023-01-11 14:42:24.466 [info] Extensions: Installed extension. sqrtt.prophet 1.4.31
2023-01-11 14:42:24.517 [info] Extensions: Last sync data state does not exist.
2023-01-11 14:42:26.604 [info] Extensions: Installed extension. salesforce.salesforcedx-vscode-soql 56.5.1
2023-01-11 14:42:26.656 [info] Extensions: Last sync data state does not exist.
2023-01-11 14:42:27.429 [info] Extensions: Installed extension. salesforce.salesforcedx-vscode-lightning 56.5.1
2023-01-11 14:42:27.480 [info] Extensions: Last sync data state does not exist.
2023-01-11 14:42:28.362 [info] Extensions: Installed extension. miguelsolorio.fluent-icons 0.0.18
2023-01-11 14:42:28.413 [info] Extensions: Last sync data state does not exist.
2023-01-11 14:42:30.024 [info] Extensions: Installed extension. vsls-contrib.codetour 0.0.58
2023-01-11 14:42:30.075 [info] Extensions: Last sync data state does not exist.
2023-01-11 14:42:30.357 [info] Extensions: Last sync data state does not exist.
2023-01-11 14:42:31.264 [info] Extensions: Installed extension. pikamachu.require-cartridge-resolve 1.8.1
2023-01-11 14:42:31.265 [info] Extensions: Last sync data state does not exist.
2023-01-11 14:42:32.260 [info] Extensions: Installed extension. salesforce.salesforcedx-vscode-apex-debugger 56.5.1
2023-01-11 14:42:32.292 [info] Extensions: Last sync data state does not exist.
2023-01-11 14:42:33.342 [info] Extensions: Installed extension. esbenp.prettier-vscode 9.10.3
2023-01-11 14:42:33.393 [info] Extensions: Last sync data state does not exist.
2023-01-11 14:42:34.063 [info] Extensions: Installed extension. vue.volar 1.0.24
2023-01-11 14:42:34.065 [info] Extensions: Last sync data state does not exist.
2023-01-11 14:42:35.522 [info] Extensions: Installed extension. shardulm94.trailing-spaces 0.4.1
2023-01-11 14:42:35.573 [info] Extensions: Last sync data state does not exist.
2023-01-11 14:42:36.646 [info] Extensions: Installed extension. ziyasal.vscode-open-in-github 1.3.6
2023-01-11 14:42:36.697 [info] Extensions: Last sync data state does not exist.
2023-01-11 14:42:38.091 [info] Extensions: Installed extension. salesforce.salesforce-vscode-slds 1.4.8
2023-01-11 14:42:38.143 [info] Extensions: Last sync data state does not exist.
2023-01-11 14:42:38.863 [info] Extensions: Installed extension. salesforce.salesforcedx-vscode-core 56.5.1
2023-01-11 14:42:38.913 [info] Extensions: Last sync data state does not exist.
2023-01-11 14:42:39.510 [info] Extensions: Installed extension. chuckjonas.apex-pmd 0.5.9
2023-01-11 14:42:39.561 [info] Extensions: Last sync data state does not exist.
2023-01-11 14:42:40.098 [info] Extensions: Installed extension. sdras.vue-vscode-snippets 3.1.1
2023-01-11 14:42:40.149 [info] Extensions: Last sync data state does not exist.
2023-01-11 14:42:42.016 [info] Extensions: Installed extension. dbaeumer.vscode-eslint 2.2.6
2023-01-11 14:42:42.067 [info] Extensions: Last sync data state does not exist.
2023-01-11 14:42:42.945 [info] Extensions: Installed extension. ms-vscode.mono-debug 0.16.3
2023-01-11 14:42:42.996 [info] Extensions: Last sync data state does not exist.
2023-01-11 14:42:44.759 [info] Extensions: Installed extension. eamodio.gitlens 13.2.0
2023-01-11 14:42:44.810 [info] Extensions: Last sync data state does not exist.
2023-01-11 14:42:45.917 [info] Extensions: Last sync data state does not exist.
2023-01-11 14:42:45.919 [info] Extensions: Installed extension. redhat.vscode-yaml 1.11.0
2023-01-11 14:42:45.970 [info] Extensions: Last sync data state does not exist.
2023-01-11 14:42:49.261 [info] Extensions: Installed extension. dotjoshjohnson.xml 2.5.1
2023-01-11 14:42:49.276 [info] Extensions: Last sync data state does not exist.
2023-01-11 14:42:49.927 [info] Extensions: Installed extension. salesforce.salesforcedx-vscode-apex 56.5.1
2023-01-11 14:42:49.979 [info] Extensions: Last sync data state does not exist.
2023-01-11 14:42:51.025 [info] Extensions: Installed extension. pkief.material-icon-theme 4.23.1
2023-01-11 14:42:51.076 [info] Extensions: Last sync data state does not exist.
2023-01-11 14:42:51.353 [info] Extensions: Installed extension. ms-ceintl.vscode-language-pack-pt-br 1.75.12280933
2023-01-11 14:42:51.404 [info] Extensions: Last sync data state does not exist.
2023-01-11 14:42:51.610 [info] Extensions: Installed extension. ritwickdey.liveserver 5.7.9
2023-01-11 14:42:51.661 [info] Extensions: Last sync data state does not exist.
2023-01-11 14:42:51.936 [info] Extensions: Last sync data state does not exist.
2023-01-11 14:42:53.747 [info] Extensions: Installed extension. drossi750.vscode-salesforce-toolkit 1.3.0
2023-01-11 14:42:53.798 [info] Extensions: Last sync data state does not exist.
2023-01-11 14:42:54.319 [info] Extensions: Installed extension. mkaufman.htmlhint 0.10.0
2023-01-11 14:42:54.320 [info] Extensions: Last sync data state does not exist.
2023-01-11 14:42:55.017 [info] Extensions: Installed extension. github.vscode-pull-request-github 0.56.0
2023-01-11 14:42:55.068 [info] Extensions: Last sync data state does not exist.
2023-01-11 14:42:55.442 [info] Extensions: Last sync data state does not exist.
2023-01-11 14:43:02.835 [info] Extensions: Installed extension. redhat.vscode-xml 0.23.0
2023-01-11 14:43:02.886 [info] Extensions: Last sync data state does not exist.
2023-01-11 14:43:18.108 [info] Extensions: Installed extension. vignaeshrama.sfdx-package-xml-generator 2.0.9
2023-01-11 14:43:18.142 [info] Extensions: Updated last synchronized extensions.
2023-01-11 14:43:18.145 [info] Sync done. Took 95278ms
2023-01-11 14:43:18.153 [info] Auto Sync: Triggered by Interval
2023-01-11 14:43:18.153 [info] Sync started.
2023-01-11 14:43:18.895 [info] Profiles: No changes found during synchronizing profiles.
2023-01-11 14:43:19.388 [info] Settings: Updated remote settings
2023-01-11 14:43:19.432 [info] Settings: Updated last synchronized settings
2023-01-11 14:43:19.436 [info] Keybindings: No changes found during synchronizing keybindings.
2023-01-11 14:43:19.440 [info] Snippets: No changes found during synchronizing snippets.
2023-01-11 14:43:19.444 [info] Tasks: No changes found during synchronizing tasks.
2023-01-11 14:43:20.325 [info] GlobalState: Updated remote ui state. Updated: memento/gettingStartedService,workbench.activity.pinnedViewlets2,workbench.panel.pinnedPanels,workbench.welcomePage.walkthroughMetadata.
2023-01-11 14:43:20.380 [info] GlobalState: Updated last synchronized ui state
2023-01-11 14:43:20.436 [info] Extensions: No changes found during synchronizing extensions.
2023-01-11 14:43:20.438 [info] Sync done. Took 2285ms
2023-01-11 14:43:20.999 [info] Auto Sync: Triggered by Activity
2023-01-11 14:43:20.999 [info] Sync started.
2023-01-11 14:43:21.417 [info] Profiles: No changes found during synchronizing profiles.
2023-01-11 14:43:21.421 [info] Settings: No changes found during synchronizing settings.
2023-01-11 14:43:21.423 [info] Keybindings: No changes found during synchronizing keybindings.
2023-01-11 14:43:21.425 [info] Snippets: No changes found during synchronizing snippets.
2023-01-11 14:43:21.426 [info] Tasks: No changes found during synchronizing tasks.
2023-01-11 14:43:21.430 [info] GlobalState: No changes found during synchronizing ui state.
2023-01-11 14:43:21.497 [info] Extensions: No changes found during synchronizing extensions.
2023-01-11 14:43:21.499 [info] Sync done. Took 501ms
