2023-01-11 14:43:29.963 [info] Using settings sync service https://vscode-sync.trafficmanager.net/
2023-01-11 14:43:29.963 [info] Auto Sync is enabled.
2023-01-11 14:43:29.963 [info] Auto Sync: Suspended until auth token is available.
2023-01-11 14:43:32.382 [info] Auto Sync: Triggered by Interval
2023-01-11 14:43:32.382 [info] Sync started.
2023-01-11 14:43:33.481 [info] Profiles: No changes found during synchronizing profiles.
2023-01-11 14:43:34.110 [info] Settings: Updated remote settings
2023-01-11 14:43:34.641 [info] Settings: Updated last synchronized settings
2023-01-11 14:43:34.648 [info] Keybindings: No changes found during synchronizing keybindings.
2023-01-11 14:43:34.651 [info] Snippets: No changes found during synchronizing snippets.
2023-01-11 14:43:34.653 [info] Tasks: No changes found during synchronizing tasks.
2023-01-11 14:43:35.294 [info] GlobalState: Updated remote ui state. Updated: workbench.activity.pinnedViewlets2,workbench.panel.pinnedPanels,workbench.statusbar.hidden.
2023-01-11 14:43:35.364 [info] GlobalState: Updated last synchronized ui state
2023-01-11 14:43:35.456 [info] Extensions: No changes found during synchronizing extensions.
2023-01-11 14:43:35.457 [info] Sync done. Took 3076ms
2023-01-11 14:44:23.901 [info] Auto Sync: Triggered by Activity
2023-01-11 14:44:23.901 [info] Sync started.
2023-01-11 14:44:24.185 [info] Profiles: No changes found during synchronizing profiles.
2023-01-11 14:44:24.195 [info] Settings: No changes found during synchronizing settings.
2023-01-11 14:44:24.198 [info] Keybindings: No changes found during synchronizing keybindings.
2023-01-11 14:44:24.200 [info] Snippets: No changes found during synchronizing snippets.
2023-01-11 14:44:24.202 [info] Tasks: No changes found during synchronizing tasks.
2023-01-11 14:44:24.207 [info] GlobalState: No changes found during synchronizing ui state.
2023-01-11 14:44:24.294 [info] Extensions: No changes found during synchronizing extensions.
2023-01-11 14:44:24.296 [info] Sync done. Took 398ms
2023-01-11 14:44:50.297 [info] Auto Sync: Triggered by Activity
2023-01-11 14:44:50.298 [info] Sync started.
2023-01-11 14:44:50.561 [info] Profiles: No changes found during synchronizing profiles.
2023-01-11 14:44:50.565 [info] Settings: No changes found during synchronizing settings.
2023-01-11 14:44:50.567 [info] Keybindings: No changes found during synchronizing keybindings.
2023-01-11 14:44:50.570 [info] Snippets: No changes found during synchronizing snippets.
2023-01-11 14:44:50.571 [info] Tasks: No changes found during synchronizing tasks.
2023-01-11 14:44:50.575 [info] GlobalState: No changes found during synchronizing ui state.
2023-01-11 14:44:50.653 [info] Extensions: No changes found during synchronizing extensions.
2023-01-11 14:44:50.655 [info] Sync done. Took 360ms
2023-01-11 14:45:42.432 [info] Auto Sync: Triggered by Activity
2023-01-11 14:45:42.433 [info] Sync started.
2023-01-11 14:45:42.719 [info] Profiles: No changes found during synchronizing profiles.
2023-01-11 14:45:42.722 [info] Settings: No changes found during synchronizing settings.
2023-01-11 14:45:42.725 [info] Keybindings: No changes found during synchronizing keybindings.
2023-01-11 14:45:42.727 [info] Snippets: No changes found during synchronizing snippets.
2023-01-11 14:45:42.729 [info] Tasks: No changes found during synchronizing tasks.
2023-01-11 14:45:42.733 [info] GlobalState: No changes found during synchronizing ui state.
2023-01-11 14:45:42.817 [info] Extensions: No changes found during synchronizing extensions.
2023-01-11 14:45:42.818 [info] Sync done. Took 388ms
2023-01-11 14:46:03.285 [info] Auto Sync: Triggered by Activity
2023-01-11 14:46:03.286 [info] Sync started.
2023-01-11 14:46:03.550 [info] Profiles: No changes found during synchronizing profiles.
2023-01-11 14:46:03.556 [info] Settings: No changes found during synchronizing settings.
2023-01-11 14:46:03.561 [info] Keybindings: No changes found during synchronizing keybindings.
2023-01-11 14:46:03.567 [info] Snippets: No changes found during synchronizing snippets.
2023-01-11 14:46:03.570 [info] Tasks: No changes found during synchronizing tasks.
2023-01-11 14:46:03.575 [info] GlobalState: No changes found during synchronizing ui state.
2023-01-11 14:46:03.663 [info] Extensions: No changes found during synchronizing extensions.
2023-01-11 14:46:03.664 [info] Sync done. Took 381ms
2023-01-11 14:46:39.330 [info] Auto Sync: Triggered by Activity
2023-01-11 14:46:39.330 [info] Sync started.
2023-01-11 14:46:39.594 [info] Profiles: No changes found during synchronizing profiles.
2023-01-11 14:46:39.597 [info] Settings: No changes found during synchronizing settings.
2023-01-11 14:46:39.599 [info] Keybindings: No changes found during synchronizing keybindings.
2023-01-11 14:46:39.602 [info] Snippets: No changes found during synchronizing snippets.
2023-01-11 14:46:39.604 [info] Tasks: No changes found during synchronizing tasks.
2023-01-11 14:46:39.607 [info] GlobalState: No changes found during synchronizing ui state.
2023-01-11 14:46:39.677 [info] Extensions: No changes found during synchronizing extensions.
2023-01-11 14:46:39.680 [info] Sync done. Took 350ms
